/home/esdentem/projects/libopencm3/libopencm3-git/lib/stm32/f3/adc.c:277: warning: unable to resolve reference to `adc_watchdog_channel' for \ref command
/home/esdentem/projects/libopencm3/libopencm3-git/lib/stm32/f3/adc.c:158: warning: unable to resolve reference to `adc_cr1_discnum' for \ref command
/home/esdentem/projects/libopencm3/libopencm3-git/lib/stm32/f3/adc.c:661: warning: unable to resolve reference to `adc_trigger_injected' for \ref command
/home/esdentem/projects/libopencm3/libopencm3-git/lib/stm32/f3/adc.c:663: warning: unable to resolve reference to `adc_trigger_polarity_injected' for \ref command
/home/esdentem/projects/libopencm3/libopencm3-git/lib/stm32/f3/adc.c:625: warning: unable to resolve reference to `adc_trigger_regular' for \ref command
/home/esdentem/projects/libopencm3/libopencm3-git/lib/stm32/f3/adc.c:627: warning: unable to resolve reference to `adc_trigger_polarity_regular' for \ref command
/home/esdentem/projects/libopencm3/libopencm3-git/lib/stm32/f3/adc.c:590: warning: unable to resolve reference to `adc_ccr_adcpre' for \ref command
/home/esdentem/projects/libopencm3/libopencm3-git/lib/stm32/f3/adc.c:608: warning: unable to resolve reference to `adc_multi_mode' for \ref command
/home/esdentem/projects/libopencm3/libopencm3-git/lib/stm32/common/adc_common_v2.c:210: warning: unable to resolve reference to `adc_api_res' for \ref command
/home/esdentem/projects/libopencm3/libopencm3-git/lib/stm32/common/usart_common_v2.c:296: warning: unable to resolve reference to `usart_sr_flags' for \ref command
/home/esdentem/projects/libopencm3/libopencm3-git/include/libopencm3/stm32/can.h:648: warning: The following parameters of can_init(uint32_t canport, bool ttcm, bool abom, bool awum, bool nart, bool rflm, bool txfp, uint32_t sjw, uint32_t ts1, uint32_t ts2, uint32_t brp, bool loopback, bool silent) are not documented:
  parameter 'loopback'
  parameter 'silent'
/home/esdentem/projects/libopencm3/libopencm3-git/include/libopencm3/stm32/common/flash_common_all.h:53: warning: unable to resolve reference to `flash_latency' for \ref command
/home/esdentem/projects/libopencm3/libopencm3-git/lib/stm32/f3/adc.c:277: warning: unable to resolve reference to `adc_watchdog_channel' for \ref command
/home/esdentem/projects/libopencm3/libopencm3-git/lib/stm32/f3/adc.c:158: warning: unable to resolve reference to `adc_cr1_discnum' for \ref command
/home/esdentem/projects/libopencm3/libopencm3-git/lib/stm32/f3/adc.c:661: warning: unable to resolve reference to `adc_trigger_injected' for \ref command
/home/esdentem/projects/libopencm3/libopencm3-git/lib/stm32/f3/adc.c:663: warning: unable to resolve reference to `adc_trigger_polarity_injected' for \ref command
/home/esdentem/projects/libopencm3/libopencm3-git/lib/stm32/f3/adc.c:625: warning: unable to resolve reference to `adc_trigger_regular' for \ref command
/home/esdentem/projects/libopencm3/libopencm3-git/lib/stm32/f3/adc.c:627: warning: unable to resolve reference to `adc_trigger_polarity_regular' for \ref command
/home/esdentem/projects/libopencm3/libopencm3-git/lib/stm32/f3/adc.c:590: warning: unable to resolve reference to `adc_ccr_adcpre' for \ref command
/home/esdentem/projects/libopencm3/libopencm3-git/lib/stm32/f3/adc.c:608: warning: unable to resolve reference to `adc_multi_mode' for \ref command
/home/esdentem/projects/libopencm3/libopencm3-git/lib/stm32/common/adc_common_v2.c:210: warning: unable to resolve reference to `adc_api_res' for \ref command
/home/esdentem/projects/libopencm3/libopencm3-git/lib/stm32/common/usart_common_v2.c:202: warning: unable to resolve reference to `usart_isr' for \ref command
/home/esdentem/projects/libopencm3/libopencm3-git/lib/stm32/common/usart_common_v2.c:296: warning: unable to resolve reference to `usart_sr_flags' for \ref command
/home/esdentem/projects/libopencm3/libopencm3-git/lib/stm32/common/usart_common_v2.c:154: warning: unable to resolve reference to `usart_isr_rtof' for \ref command
