/home/esdentem/projects/libopencm3/libopencm3-git/include/libopencm3/stm32/g0/rcc.h:191: warning: group rcc_cfgr_sws: ignoring title "SW" that does not match old title "SWS"

/home/esdentem/projects/libopencm3/libopencm3-git/lib/cm3/nvic.c:138: warning: unable to resolve reference to `scb_set_priority_grouping' for \ref command
/home/esdentem/projects/libopencm3/libopencm3-git/lib/stm32/common/lptimer_common_all.c:176: warning: argument 'trigger' of command @param is not found in the argument list of lptimer_enable_trigger(uint32_t lptimer_peripheral, uint32_t trigen)
/home/esdentem/projects/libopencm3/libopencm3-git/include/libopencm3/stm32/common/lptimer_common_all.h:276: warning: The following parameters of lptimer_enable_trigger(uint32_t lptimer_peripheral, uint32_t trigen) are not documented:
  parameter 'trigen'
/home/esdentem/projects/libopencm3/libopencm3-git/lib/stm32/common/lptimer_common_all.c:188: warning: argument 'trigger' of command @param is not found in the argument list of lptimer_select_trigger_source(uint32_t lptimer_peripheral, uint32_t trigger_source)
/home/esdentem/projects/libopencm3/libopencm3-git/include/libopencm3/stm32/common/lptimer_common_all.h:277: warning: The following parameters of lptimer_select_trigger_source(uint32_t lptimer_peripheral, uint32_t trigger_source) are not documented:
  parameter 'trigger_source'
/home/esdentem/projects/libopencm3/libopencm3-git/lib/stm32/common/rcc_common_all.c:240: warning: unable to resolve reference to `rcc_backupdomain_reset' for \ref command
/home/esdentem/projects/libopencm3/libopencm3-git/lib/stm32/common/rcc_common_all.c:104: warning: unable to resolve reference to `rcc_apb2rstr_rst' for \ref command
/home/esdentem/projects/libopencm3/libopencm3-git/lib/stm32/common/rcc_common_all.c:63: warning: unable to resolve reference to `rcc_apb2enr_en' for \ref command
/home/esdentem/projects/libopencm3/libopencm3-git/lib/stm32/common/rcc_common_all.c:41: warning: unable to resolve reference to `rcc_apb2enr_en' for \ref command
/home/esdentem/projects/libopencm3/libopencm3-git/lib/stm32/common/rcc_common_all.c:83: warning: unable to resolve reference to `rcc_apb2rstr_rst' for \ref command
/home/esdentem/projects/libopencm3/libopencm3-git/lib/stm32/common/usart_common_v2.c:296: warning: unable to resolve reference to `usart_sr_flags' for \ref command
/home/esdentem/projects/libopencm3/libopencm3-git/lib/cm3/nvic.c:138: warning: unable to resolve reference to `scb_set_priority_grouping' for \ref command
/home/esdentem/projects/libopencm3/libopencm3-git/lib/stm32/common/rcc_common_all.c:240: warning: unable to resolve reference to `rcc_backupdomain_reset' for \ref command
/home/esdentem/projects/libopencm3/libopencm3-git/lib/stm32/common/rcc_common_all.c:104: warning: unable to resolve reference to `rcc_apb2rstr_rst' for \ref command
/home/esdentem/projects/libopencm3/libopencm3-git/lib/stm32/common/rcc_common_all.c:63: warning: unable to resolve reference to `rcc_apb2enr_en' for \ref command
/home/esdentem/projects/libopencm3/libopencm3-git/lib/stm32/common/rcc_common_all.c:41: warning: unable to resolve reference to `rcc_apb2enr_en' for \ref command
/home/esdentem/projects/libopencm3/libopencm3-git/lib/stm32/common/rcc_common_all.c:83: warning: unable to resolve reference to `rcc_apb2rstr_rst' for \ref command
/home/esdentem/projects/libopencm3/libopencm3-git/lib/stm32/common/lptimer_common_all.c:176: warning: argument 'trigger' of command @param is not found in the argument list of lptimer_enable_trigger(uint32_t lptimer_peripheral, uint32_t trigen)
/home/esdentem/projects/libopencm3/libopencm3-git/lib/stm32/common/lptimer_common_all.c:181: warning: The following parameters of lptimer_enable_trigger(uint32_t lptimer_peripheral, uint32_t trigen) are not documented:
  parameter 'trigen'
/home/esdentem/projects/libopencm3/libopencm3-git/lib/stm32/common/lptimer_common_all.c:188: warning: argument 'trigger' of command @param is not found in the argument list of lptimer_select_trigger_source(uint32_t lptimer_peripheral, uint32_t trigger_source)
/home/esdentem/projects/libopencm3/libopencm3-git/lib/stm32/common/lptimer_common_all.c:195: warning: The following parameters of lptimer_select_trigger_source(uint32_t lptimer_peripheral, uint32_t trigger_source) are not documented:
  parameter 'trigger_source'
/home/esdentem/projects/libopencm3/libopencm3-git/lib/stm32/common/usart_common_v2.c:202: warning: unable to resolve reference to `usart_isr' for \ref command
/home/esdentem/projects/libopencm3/libopencm3-git/lib/stm32/common/usart_common_v2.c:296: warning: unable to resolve reference to `usart_sr_flags' for \ref command
/home/esdentem/projects/libopencm3/libopencm3-git/lib/stm32/common/usart_common_v2.c:154: warning: unable to resolve reference to `usart_isr_rtof' for \ref command
