/home/esdentem/projects/libopencm3/libopencm3-git/lib/stm32/common/adc_common_v1_multi.c:43: warning: multiple use of section label 'adc_api_ex' while adding section, (first occurrence: /home/esdentem/projects/libopencm3/libopencm3-git/lib/stm32/common/adc_common_v1.c, line 49)
/home/esdentem/projects/libopencm3/libopencm3-git/include/libopencm3/stm32/f4/crypto.h:80: warning: Member crypto_mode_mac found in multiple @defgroup groups! The member will be put in group crypto_api, and not in group crypto_defines
/home/esdentem/projects/libopencm3/libopencm3-git/include/libopencm3/stm32/f4/crypto.h:49: warning: Member CRYP_CSGCMCCMR found in multiple @defgroup groups! The member will be put in group crypto_defines_registers, and not in group crypto_defines
/home/esdentem/projects/libopencm3/libopencm3-git/lib/stm32/common/lptimer_common_all.c:176: warning: argument 'trigger' of command @param is not found in the argument list of lptimer_enable_trigger(uint32_t lptimer_peripheral, uint32_t trigen)
/home/esdentem/projects/libopencm3/libopencm3-git/include/libopencm3/stm32/common/lptimer_common_all.h:276: warning: The following parameters of lptimer_enable_trigger(uint32_t lptimer_peripheral, uint32_t trigen) are not documented:
  parameter 'trigen'
/home/esdentem/projects/libopencm3/libopencm3-git/lib/stm32/common/lptimer_common_all.c:188: warning: argument 'trigger' of command @param is not found in the argument list of lptimer_select_trigger_source(uint32_t lptimer_peripheral, uint32_t trigger_source)
/home/esdentem/projects/libopencm3/libopencm3-git/include/libopencm3/stm32/common/lptimer_common_all.h:277: warning: The following parameters of lptimer_select_trigger_source(uint32_t lptimer_peripheral, uint32_t trigger_source) are not documented:
  parameter 'trigger_source'
/home/esdentem/projects/libopencm3/libopencm3-git/lib/stm32/common/rcc_common_all.c:240: warning: unable to resolve reference to `rcc_backupdomain_reset' for \ref command
/home/esdentem/projects/libopencm3/libopencm3-git/include/libopencm3/stm32/can.h:648: warning: The following parameters of can_init(uint32_t canport, bool ttcm, bool abom, bool awum, bool nart, bool rflm, bool txfp, uint32_t sjw, uint32_t ts1, uint32_t ts2, uint32_t brp, bool loopback, bool silent) are not documented:
  parameter 'loopback'
  parameter 'silent'
/home/esdentem/projects/libopencm3/libopencm3-git/include/libopencm3/stm32/common/flash_common_all.h:53: warning: unable to resolve reference to `flash_latency' for \ref command
/home/esdentem/projects/libopencm3/libopencm3-git/lib/stm32/common/rcc_common_all.c:240: warning: unable to resolve reference to `rcc_backupdomain_reset' for \ref command
/home/esdentem/projects/libopencm3/libopencm3-git/lib/stm32/common/lptimer_common_all.c:176: warning: argument 'trigger' of command @param is not found in the argument list of lptimer_enable_trigger(uint32_t lptimer_peripheral, uint32_t trigen)
/home/esdentem/projects/libopencm3/libopencm3-git/lib/stm32/common/lptimer_common_all.c:181: warning: The following parameters of lptimer_enable_trigger(uint32_t lptimer_peripheral, uint32_t trigen) are not documented:
  parameter 'trigen'
/home/esdentem/projects/libopencm3/libopencm3-git/lib/stm32/common/lptimer_common_all.c:188: warning: argument 'trigger' of command @param is not found in the argument list of lptimer_select_trigger_source(uint32_t lptimer_peripheral, uint32_t trigger_source)
/home/esdentem/projects/libopencm3/libopencm3-git/lib/stm32/common/lptimer_common_all.c:195: warning: The following parameters of lptimer_select_trigger_source(uint32_t lptimer_peripheral, uint32_t trigger_source) are not documented:
  parameter 'trigger_source'
